  CustomCone.cpp
  CustomSphere.cpp
  main.cpp
  ObjectWEvents.cpp
  ofApp.cpp
  ofxBaseGui.cpp
  ofxButton.cpp
  ofxColorPicker.cpp
  ofxGuiGroup.cpp
  ofxInputField.cpp
  ofxLabel.cpp
  ofxPanel.cpp
c:\users\santi\documents\visual studio 2017\open frameworks\addons\ofxgui\src\ofxinputfield.cpp(276): warning C4018: '<': no coinciden signed/unsigned
  c:\users\santi\documents\visual studio 2017\open frameworks\addons\ofxgui\src\ofxinputfield.cpp(265): note: durante la compilación de la función miembro de plantilla clase de 'void ofxInputField<float>::moveCursor(int)'
  c:\users\santi\documents\visual studio 2017\open frameworks\addons\ofxgui\src\ofxinputfield.cpp(368): note: vea la referencia a la creación de instancias de plantilla de función 'void ofxInputField<float>::moveCursor(int)' que se está compilando
  c:\users\santi\documents\visual studio 2017\open frameworks\addons\ofxgui\src\ofxinputfield.cpp(805): note: vea la referencia a la creación de instancias de plantilla clase de 'ofxInputField<float>' que se está compilando
  ofxSlider.cpp
  ofxSliderGroup.cpp
  ofxToggle.cpp
  ofxKinectExtras.cpp
  ofxKinect.cpp
  audio.c
  cameras.c
c:\users\santi\documents\visual studio 2017\open frameworks\addons\ofxkinect\libs\libusb\include\libusb.h(740): warning C4200: se ha utilizado una extensión no estándar: matriz de tamaño cero en struct/union (compilando archivo de origen ..\..\..\addons\ofxKinect\libs\libfreenect\src\audio.c)
  c:\users\santi\documents\visual studio 2017\open frameworks\addons\ofxkinect\libs\libusb\include\libusb.h(740): note: Un constructor con valor predeterminado o un operador de asignación de copia o movimiento ignorará a este miembro. (compilando archivo de origen ..\..\..\addons\ofxKinect\libs\libfreenect\src\audio.c)
c:\users\santi\documents\visual studio 2017\open frameworks\addons\ofxkinect\libs\libusb\include\libusb.h(765): warning C4200: se ha utilizado una extensión no estándar: matriz de tamaño cero en struct/union (compilando archivo de origen ..\..\..\addons\ofxKinect\libs\libfreenect\src\audio.c)
  c:\users\santi\documents\visual studio 2017\open frameworks\addons\ofxkinect\libs\libusb\include\libusb.h(765): note: Un constructor con valor predeterminado o un operador de asignación de copia o movimiento ignorará a este miembro. (compilando archivo de origen ..\..\..\addons\ofxKinect\libs\libfreenect\src\audio.c)
c:\users\santi\documents\visual studio 2017\open frameworks\addons\ofxkinect\libs\libusb\include\libusb.h(1258): warning C4200: se ha utilizado una extensión no estándar: matriz de tamaño cero en struct/union (compilando archivo de origen ..\..\..\addons\ofxKinect\libs\libfreenect\src\audio.c)
  c:\users\santi\documents\visual studio 2017\open frameworks\addons\ofxkinect\libs\libusb\include\libusb.h(1258): note: Un constructor con valor predeterminado o un operador de asignación de copia o movimiento ignorará a este miembro. (compilando archivo de origen ..\..\..\addons\ofxKinect\libs\libfreenect\src\audio.c)
c:\users\santi\documents\visual studio 2017\open frameworks\addons\ofxkinect\libs\libfreenect\src\freenect_internal.h(204): warning C4200: se ha utilizado una extensión no estándar: matriz de tamaño cero en struct/union (compilando archivo de origen ..\..\..\addons\ofxKinect\libs\libfreenect\src\audio.c)
  c:\users\santi\documents\visual studio 2017\open frameworks\addons\ofxkinect\libs\libfreenect\src\freenect_internal.h(204): note: Un constructor con valor predeterminado o un operador de asignación de copia o movimiento ignorará a este miembro. (compilando archivo de origen ..\..\..\addons\ofxKinect\libs\libfreenect\src\audio.c)
  core.c
c:\users\santi\documents\visual studio 2017\open frameworks\addons\ofxkinect\libs\libusb\include\libusb.h(740): warning C4200: se ha utilizado una extensión no estándar: matriz de tamaño cero en struct/union (compilando archivo de origen ..\..\..\addons\ofxKinect\libs\libfreenect\src\cameras.c)
  c:\users\santi\documents\visual studio 2017\open frameworks\addons\ofxkinect\libs\libusb\include\libusb.h(740): note: Un constructor con valor predeterminado o un operador de asignación de copia o movimiento ignorará a este miembro. (compilando archivo de origen ..\..\..\addons\ofxKinect\libs\libfreenect\src\cameras.c)
c:\users\santi\documents\visual studio 2017\open frameworks\addons\ofxkinect\libs\libusb\include\libusb.h(765): warning C4200: se ha utilizado una extensión no estándar: matriz de tamaño cero en struct/union (compilando archivo de origen ..\..\..\addons\ofxKinect\libs\libfreenect\src\cameras.c)
  c:\users\santi\documents\visual studio 2017\open frameworks\addons\ofxkinect\libs\libusb\include\libusb.h(765): note: Un constructor con valor predeterminado o un operador de asignación de copia o movimiento ignorará a este miembro. (compilando archivo de origen ..\..\..\addons\ofxKinect\libs\libfreenect\src\cameras.c)
c:\users\santi\documents\visual studio 2017\open frameworks\addons\ofxkinect\libs\libusb\include\libusb.h(1258): warning C4200: se ha utilizado una extensión no estándar: matriz de tamaño cero en struct/union (compilando archivo de origen ..\..\..\addons\ofxKinect\libs\libfreenect\src\cameras.c)
  c:\users\santi\documents\visual studio 2017\open frameworks\addons\ofxkinect\libs\libusb\include\libusb.h(1258): note: Un constructor con valor predeterminado o un operador de asignación de copia o movimiento ignorará a este miembro. (compilando archivo de origen ..\..\..\addons\ofxKinect\libs\libfreenect\src\cameras.c)
c:\users\santi\documents\visual studio 2017\open frameworks\addons\ofxkinect\libs\libfreenect\src\freenect_internal.h(204): warning C4200: se ha utilizado una extensión no estándar: matriz de tamaño cero en struct/union (compilando archivo de origen ..\..\..\addons\ofxKinect\libs\libfreenect\src\cameras.c)
  c:\users\santi\documents\visual studio 2017\open frameworks\addons\ofxkinect\libs\libfreenect\src\freenect_internal.h(204): note: Un constructor con valor predeterminado o un operador de asignación de copia o movimiento ignorará a este miembro. (compilando archivo de origen ..\..\..\addons\ofxKinect\libs\libfreenect\src\cameras.c)
  flags.c
c:\users\santi\documents\visual studio 2017\open frameworks\addons\ofxkinect\libs\libusb\include\libusb.h(740): warning C4200: se ha utilizado una extensión no estándar: matriz de tamaño cero en struct/union (compilando archivo de origen ..\..\..\addons\ofxKinect\libs\libfreenect\src\core.c)
  c:\users\santi\documents\visual studio 2017\open frameworks\addons\ofxkinect\libs\libusb\include\libusb.h(740): note: Un constructor con valor predeterminado o un operador de asignación de copia o movimiento ignorará a este miembro. (compilando archivo de origen ..\..\..\addons\ofxKinect\libs\libfreenect\src\core.c)
c:\users\santi\documents\visual studio 2017\open frameworks\addons\ofxkinect\libs\libusb\include\libusb.h(765): warning C4200: se ha utilizado una extensión no estándar: matriz de tamaño cero en struct/union (compilando archivo de origen ..\..\..\addons\ofxKinect\libs\libfreenect\src\core.c)
  c:\users\santi\documents\visual studio 2017\open frameworks\addons\ofxkinect\libs\libusb\include\libusb.h(765): note: Un constructor con valor predeterminado o un operador de asignación de copia o movimiento ignorará a este miembro. (compilando archivo de origen ..\..\..\addons\ofxKinect\libs\libfreenect\src\core.c)
c:\users\santi\documents\visual studio 2017\open frameworks\addons\ofxkinect\libs\libusb\include\libusb.h(1258): warning C4200: se ha utilizado una extensión no estándar: matriz de tamaño cero en struct/union (compilando archivo de origen ..\..\..\addons\ofxKinect\libs\libfreenect\src\core.c)
  c:\users\santi\documents\visual studio 2017\open frameworks\addons\ofxkinect\libs\libusb\include\libusb.h(1258): note: Un constructor con valor predeterminado o un operador de asignación de copia o movimiento ignorará a este miembro. (compilando archivo de origen ..\..\..\addons\ofxKinect\libs\libfreenect\src\core.c)
c:\users\santi\documents\visual studio 2017\open frameworks\addons\ofxkinect\libs\libfreenect\src\freenect_internal.h(204): warning C4200: se ha utilizado una extensión no estándar: matriz de tamaño cero en struct/union (compilando archivo de origen ..\..\..\addons\ofxKinect\libs\libfreenect\src\core.c)
  c:\users\santi\documents\visual studio 2017\open frameworks\addons\ofxkinect\libs\libfreenect\src\freenect_internal.h(204): note: Un constructor con valor predeterminado o un operador de asignación de copia o movimiento ignorará a este miembro. (compilando archivo de origen ..\..\..\addons\ofxKinect\libs\libfreenect\src\core.c)
  loader.c
c:\users\santi\documents\visual studio 2017\open frameworks\addons\ofxkinect\libs\libusb\include\libusb.h(740): warning C4200: se ha utilizado una extensión no estándar: matriz de tamaño cero en struct/union (compilando archivo de origen ..\..\..\addons\ofxKinect\libs\libfreenect\src\flags.c)
  c:\users\santi\documents\visual studio 2017\open frameworks\addons\ofxkinect\libs\libusb\include\libusb.h(740): note: Un constructor con valor predeterminado o un operador de asignación de copia o movimiento ignorará a este miembro. (compilando archivo de origen ..\..\..\addons\ofxKinect\libs\libfreenect\src\flags.c)
c:\users\santi\documents\visual studio 2017\open frameworks\addons\ofxkinect\libs\libusb\include\libusb.h(765): warning C4200: se ha utilizado una extensión no estándar: matriz de tamaño cero en struct/union (compilando archivo de origen ..\..\..\addons\ofxKinect\libs\libfreenect\src\flags.c)
  c:\users\santi\documents\visual studio 2017\open frameworks\addons\ofxkinect\libs\libusb\include\libusb.h(765): note: Un constructor con valor predeterminado o un operador de asignación de copia o movimiento ignorará a este miembro. (compilando archivo de origen ..\..\..\addons\ofxKinect\libs\libfreenect\src\flags.c)
c:\users\santi\documents\visual studio 2017\open frameworks\addons\ofxkinect\libs\libusb\include\libusb.h(1258): warning C4200: se ha utilizado una extensión no estándar: matriz de tamaño cero en struct/union (compilando archivo de origen ..\..\..\addons\ofxKinect\libs\libfreenect\src\flags.c)
  c:\users\santi\documents\visual studio 2017\open frameworks\addons\ofxkinect\libs\libusb\include\libusb.h(1258): note: Un constructor con valor predeterminado o un operador de asignación de copia o movimiento ignorará a este miembro. (compilando archivo de origen ..\..\..\addons\ofxKinect\libs\libfreenect\src\flags.c)
c:\users\santi\documents\visual studio 2017\open frameworks\addons\ofxkinect\libs\libfreenect\src\freenect_internal.h(204): warning C4200: se ha utilizado una extensión no estándar: matriz de tamaño cero en struct/union (compilando archivo de origen ..\..\..\addons\ofxKinect\libs\libfreenect\src\flags.c)
  c:\users\santi\documents\visual studio 2017\open frameworks\addons\ofxkinect\libs\libfreenect\src\freenect_internal.h(204): note: Un constructor con valor predeterminado o un operador de asignación de copia o movimiento ignorará a este miembro. (compilando archivo de origen ..\..\..\addons\ofxKinect\libs\libfreenect\src\flags.c)
  registration.c
c:\users\santi\documents\visual studio 2017\open frameworks\addons\ofxkinect\libs\libusb\include\libusb.h(740): warning C4200: se ha utilizado una extensión no estándar: matriz de tamaño cero en struct/union (compilando archivo de origen ..\..\..\addons\ofxKinect\libs\libfreenect\src\loader.c)
  c:\users\santi\documents\visual studio 2017\open frameworks\addons\ofxkinect\libs\libusb\include\libusb.h(740): note: Un constructor con valor predeterminado o un operador de asignación de copia o movimiento ignorará a este miembro. (compilando archivo de origen ..\..\..\addons\ofxKinect\libs\libfreenect\src\loader.c)
c:\users\santi\documents\visual studio 2017\open frameworks\addons\ofxkinect\libs\libusb\include\libusb.h(765): warning C4200: se ha utilizado una extensión no estándar: matriz de tamaño cero en struct/union (compilando archivo de origen ..\..\..\addons\ofxKinect\libs\libfreenect\src\loader.c)
  c:\users\santi\documents\visual studio 2017\open frameworks\addons\ofxkinect\libs\libusb\include\libusb.h(765): note: Un constructor con valor predeterminado o un operador de asignación de copia o movimiento ignorará a este miembro. (compilando archivo de origen ..\..\..\addons\ofxKinect\libs\libfreenect\src\loader.c)
c:\users\santi\documents\visual studio 2017\open frameworks\addons\ofxkinect\libs\libusb\include\libusb.h(1258): warning C4200: se ha utilizado una extensión no estándar: matriz de tamaño cero en struct/union (compilando archivo de origen ..\..\..\addons\ofxKinect\libs\libfreenect\src\loader.c)
  c:\users\santi\documents\visual studio 2017\open frameworks\addons\ofxkinect\libs\libusb\include\libusb.h(1258): note: Un constructor con valor predeterminado o un operador de asignación de copia o movimiento ignorará a este miembro. (compilando archivo de origen ..\..\..\addons\ofxKinect\libs\libfreenect\src\loader.c)
c:\users\santi\documents\visual studio 2017\open frameworks\addons\ofxkinect\libs\libfreenect\src\freenect_internal.h(204): warning C4200: se ha utilizado una extensión no estándar: matriz de tamaño cero en struct/union (compilando archivo de origen ..\..\..\addons\ofxKinect\libs\libfreenect\src\loader.c)
  c:\users\santi\documents\visual studio 2017\open frameworks\addons\ofxkinect\libs\libfreenect\src\freenect_internal.h(204): note: Un constructor con valor predeterminado o un operador de asignación de copia o movimiento ignorará a este miembro. (compilando archivo de origen ..\..\..\addons\ofxKinect\libs\libfreenect\src\loader.c)
c:\users\santi\documents\visual studio 2017\open frameworks\addons\ofxkinect\libs\libfreenect\src\loader.c(138): warning C4996: 'sprintf': This function or variable may be unsafe. Consider using sprintf_s instead. To disable deprecation, use _CRT_SECURE_NO_WARNINGS. See online help for details.
  c:\program files (x86)\windows kits\10\include\10.0.17763.0\ucrt\stdio.h(1774): note: vea la declaración de 'sprintf'
c:\users\santi\documents\visual studio 2017\open frameworks\addons\ofxkinect\libs\libfreenect\src\loader.c(150): warning C4996: 'getenv': This function or variable may be unsafe. Consider using _dupenv_s instead. To disable deprecation, use _CRT_SECURE_NO_WARNINGS. See online help for details.
  c:\program files (x86)\windows kits\10\include\10.0.17763.0\ucrt\stdlib.h(1191): note: vea la declaración de 'getenv'
c:\users\santi\documents\visual studio 2017\open frameworks\addons\ofxkinect\libs\libfreenect\src\loader.c(155): warning C4996: 'strcpy': This function or variable may be unsafe. Consider using strcpy_s instead. To disable deprecation, use _CRT_SECURE_NO_WARNINGS. See online help for details.
  c:\program files (x86)\windows kits\10\include\10.0.17763.0\ucrt\string.h(133): note: vea la declaración de 'strcpy'
c:\users\santi\documents\visual studio 2017\open frameworks\addons\ofxkinect\libs\libfreenect\src\loader.c(156): warning C4996: 'strcat': This function or variable may be unsafe. Consider using strcat_s instead. To disable deprecation, use _CRT_SECURE_NO_WARNINGS. See online help for details.
  c:\program files (x86)\windows kits\10\include\10.0.17763.0\ucrt\string.h(90): note: vea la declaración de 'strcat'
c:\users\santi\documents\visual studio 2017\open frameworks\addons\ofxkinect\libs\libfreenect\src\loader.c(164): warning C4996: 'sprintf': This function or variable may be unsafe. Consider using sprintf_s instead. To disable deprecation, use _CRT_SECURE_NO_WARNINGS. See online help for details.
  c:\program files (x86)\windows kits\10\include\10.0.17763.0\ucrt\stdio.h(1774): note: vea la declaración de 'sprintf'
c:\users\santi\documents\visual studio 2017\open frameworks\addons\ofxkinect\libs\libfreenect\src\loader.c(168): warning C4996: 'getenv': This function or variable may be unsafe. Consider using _dupenv_s instead. To disable deprecation, use _CRT_SECURE_NO_WARNINGS. See online help for details.
  c:\program files (x86)\windows kits\10\include\10.0.17763.0\ucrt\stdlib.h(1191): note: vea la declaración de 'getenv'
c:\users\santi\documents\visual studio 2017\open frameworks\addons\ofxkinect\libs\libfreenect\src\loader.c(175): warning C4996: 'strcpy': This function or variable may be unsafe. Consider using strcpy_s instead. To disable deprecation, use _CRT_SECURE_NO_WARNINGS. See online help for details.
  c:\program files (x86)\windows kits\10\include\10.0.17763.0\ucrt\string.h(133): note: vea la declaración de 'strcpy'
c:\users\santi\documents\visual studio 2017\open frameworks\addons\ofxkinect\libs\libfreenect\src\loader.c(176): warning C4996: 'strcat': This function or variable may be unsafe. Consider using strcat_s instead. To disable deprecation, use _CRT_SECURE_NO_WARNINGS. See online help for details.
  c:\program files (x86)\windows kits\10\include\10.0.17763.0\ucrt\string.h(90): note: vea la declaración de 'strcat'
c:\users\santi\documents\visual studio 2017\open frameworks\addons\ofxkinect\libs\libfreenect\src\loader.c(177): warning C4996: 'strcat': This function or variable may be unsafe. Consider using strcat_s instead. To disable deprecation, use _CRT_SECURE_NO_WARNINGS. See online help for details.
  c:\program files (x86)\windows kits\10\include\10.0.17763.0\ucrt\string.h(90): note: vea la declaración de 'strcat'
c:\users\santi\documents\visual studio 2017\open frameworks\addons\ofxkinect\libs\libfreenect\src\loader.c(185): warning C4996: 'sprintf': This function or variable may be unsafe. Consider using sprintf_s instead. To disable deprecation, use _CRT_SECURE_NO_WARNINGS. See online help for details.
  c:\program files (x86)\windows kits\10\include\10.0.17763.0\ucrt\stdio.h(1774): note: vea la declaración de 'sprintf'
c:\users\santi\documents\visual studio 2017\open frameworks\addons\ofxkinect\libs\libfreenect\src\loader.c(191): warning C4996: 'sprintf': This function or variable may be unsafe. Consider using sprintf_s instead. To disable deprecation, use _CRT_SECURE_NO_WARNINGS. See online help for details.
  c:\program files (x86)\windows kits\10\include\10.0.17763.0\ucrt\stdio.h(1774): note: vea la declaración de 'sprintf'
c:\users\santi\documents\visual studio 2017\open frameworks\addons\ofxkinect\libs\libfreenect\src\loader.c(197): warning C4996: 'sprintf': This function or variable may be unsafe. Consider using sprintf_s instead. To disable deprecation, use _CRT_SECURE_NO_WARNINGS. See online help for details.
  c:\program files (x86)\windows kits\10\include\10.0.17763.0\ucrt\stdio.h(1774): note: vea la declaración de 'sprintf'
c:\users\santi\documents\visual studio 2017\open frameworks\addons\ofxkinect\libs\libfreenect\src\loader.c(202): warning C4996: 'fopen': This function or variable may be unsafe. Consider using fopen_s instead. To disable deprecation, use _CRT_SECURE_NO_WARNINGS. See online help for details.
  c:\program files (x86)\windows kits\10\include\10.0.17763.0\ucrt\stdio.h(208): note: vea la declaración de 'fopen'
c:\users\santi\documents\visual studio 2017\open frameworks\addons\ofxkinect\libs\libfreenect\src\loader.c(363): warning C4996: 'fopen': This function or variable may be unsafe. Consider using fopen_s instead. To disable deprecation, use _CRT_SECURE_NO_WARNINGS. See online help for details.
  c:\program files (x86)\windows kits\10\include\10.0.17763.0\ucrt\stdio.h(208): note: vea la declaración de 'fopen'
  tilt.c
c:\users\santi\documents\visual studio 2017\open frameworks\addons\ofxkinect\libs\libusb\include\libusb.h(740): warning C4200: se ha utilizado una extensión no estándar: matriz de tamaño cero en struct/union (compilando archivo de origen ..\..\..\addons\ofxKinect\src\ofxKinect.cpp)
  c:\users\santi\documents\visual studio 2017\open frameworks\addons\ofxkinect\libs\libusb\include\libusb.h(740): note: Un constructor con valor predeterminado o un operador de asignación de copia o movimiento ignorará a este miembro. (compilando archivo de origen ..\..\..\addons\ofxKinect\src\ofxKinect.cpp)
c:\users\santi\documents\visual studio 2017\open frameworks\addons\ofxkinect\libs\libusb\include\libusb.h(765): warning C4200: se ha utilizado una extensión no estándar: matriz de tamaño cero en struct/union (compilando archivo de origen ..\..\..\addons\ofxKinect\src\ofxKinect.cpp)
  c:\users\santi\documents\visual studio 2017\open frameworks\addons\ofxkinect\libs\libusb\include\libusb.h(765): note: Un constructor con valor predeterminado o un operador de asignación de copia o movimiento ignorará a este miembro. (compilando archivo de origen ..\..\..\addons\ofxKinect\src\ofxKinect.cpp)
c:\users\santi\documents\visual studio 2017\open frameworks\addons\ofxkinect\libs\libusb\include\libusb.h(1258): warning C4200: se ha utilizado una extensión no estándar: matriz de tamaño cero en struct/union (compilando archivo de origen ..\..\..\addons\ofxKinect\src\ofxKinect.cpp)
  c:\users\santi\documents\visual studio 2017\open frameworks\addons\ofxkinect\libs\libusb\include\libusb.h(1258): note: Un constructor con valor predeterminado o un operador de asignación de copia o movimiento ignorará a este miembro. (compilando archivo de origen ..\..\..\addons\ofxKinect\src\ofxKinect.cpp)
c:\users\santi\documents\visual studio 2017\open frameworks\addons\ofxkinect\libs\libfreenect\src\freenect_internal.h(204): warning C4200: se ha utilizado una extensión no estándar: matriz de tamaño cero en struct/union (compilando archivo de origen ..\..\..\addons\ofxKinect\src\ofxKinect.cpp)
  c:\users\santi\documents\visual studio 2017\open frameworks\addons\ofxkinect\libs\libfreenect\src\freenect_internal.h(204): note: Un constructor con valor predeterminado o un operador de asignación de copia o movimiento ignorará a este miembro. (compilando archivo de origen ..\..\..\addons\ofxKinect\src\ofxKinect.cpp)
  usb_libusb10.c
c:\users\santi\documents\visual studio 2017\open frameworks\addons\ofxkinect\libs\libusb\include\libusb.h(740): warning C4200: se ha utilizado una extensión no estándar: matriz de tamaño cero en struct/union (compilando archivo de origen ..\..\..\addons\ofxKinect\libs\libfreenect\src\registration.c)
  c:\users\santi\documents\visual studio 2017\open frameworks\addons\ofxkinect\libs\libusb\include\libusb.h(740): note: Un constructor con valor predeterminado o un operador de asignación de copia o movimiento ignorará a este miembro. (compilando archivo de origen ..\..\..\addons\ofxKinect\libs\libfreenect\src\registration.c)
c:\users\santi\documents\visual studio 2017\open frameworks\addons\ofxkinect\libs\libusb\include\libusb.h(765): warning C4200: se ha utilizado una extensión no estándar: matriz de tamaño cero en struct/union (compilando archivo de origen ..\..\..\addons\ofxKinect\libs\libfreenect\src\registration.c)
  c:\users\santi\documents\visual studio 2017\open frameworks\addons\ofxkinect\libs\libusb\include\libusb.h(765): note: Un constructor con valor predeterminado o un operador de asignación de copia o movimiento ignorará a este miembro. (compilando archivo de origen ..\..\..\addons\ofxKinect\libs\libfreenect\src\registration.c)
c:\users\santi\documents\visual studio 2017\open frameworks\addons\ofxkinect\libs\libusb\include\libusb.h(1258): warning C4200: se ha utilizado una extensión no estándar: matriz de tamaño cero en struct/union (compilando archivo de origen ..\..\..\addons\ofxKinect\libs\libfreenect\src\registration.c)
  c:\users\santi\documents\visual studio 2017\open frameworks\addons\ofxkinect\libs\libusb\include\libusb.h(1258): note: Un constructor con valor predeterminado o un operador de asignación de copia o movimiento ignorará a este miembro. (compilando archivo de origen ..\..\..\addons\ofxKinect\libs\libfreenect\src\registration.c)
c:\users\santi\documents\visual studio 2017\open frameworks\addons\ofxkinect\libs\libfreenect\src\freenect_internal.h(204): warning C4200: se ha utilizado una extensión no estándar: matriz de tamaño cero en struct/union (compilando archivo de origen ..\..\..\addons\ofxKinect\libs\libfreenect\src\registration.c)
  c:\users\santi\documents\visual studio 2017\open frameworks\addons\ofxkinect\libs\libfreenect\src\freenect_internal.h(204): note: Un constructor con valor predeterminado o un operador de asignación de copia o movimiento ignorará a este miembro. (compilando archivo de origen ..\..\..\addons\ofxKinect\libs\libfreenect\src\registration.c)
c:\users\santi\documents\visual studio 2017\open frameworks\addons\ofxkinect\libs\libfreenect\src\registration.c(72): warning C4244: '=': conversión de 'double' a 'int32_t'; posible pérdida de datos
c:\users\santi\documents\visual studio 2017\open frameworks\addons\ofxkinect\libs\libfreenect\src\registration.c(306): warning C4244: '=': conversión de 'double' a 'int32_t'; posible pérdida de datos
c:\users\santi\documents\visual studio 2017\open frameworks\addons\ofxkinect\libs\libfreenect\src\registration.c(307): warning C4244: '=': conversión de 'double' a 'int32_t'; posible pérdida de datos
c:\users\santi\documents\visual studio 2017\open frameworks\addons\ofxkinect\libs\libfreenect\src\registration.c(325): warning C4244: 'return': conversión de 'double' a 'uint16_t'; posible pérdida de datos
  ofxCvColorImage.cpp
c:\users\santi\documents\visual studio 2017\open frameworks\addons\ofxkinect\libs\libusb\include\libusb.h(740): warning C4200: se ha utilizado una extensión no estándar: matriz de tamaño cero en struct/union (compilando archivo de origen ..\..\..\addons\ofxKinect\libs\libfreenect\src\tilt.c)
  c:\users\santi\documents\visual studio 2017\open frameworks\addons\ofxkinect\libs\libusb\include\libusb.h(740): note: Un constructor con valor predeterminado o un operador de asignación de copia o movimiento ignorará a este miembro. (compilando archivo de origen ..\..\..\addons\ofxKinect\libs\libfreenect\src\tilt.c)
c:\users\santi\documents\visual studio 2017\open frameworks\addons\ofxkinect\libs\libusb\include\libusb.h(765): warning C4200: se ha utilizado una extensión no estándar: matriz de tamaño cero en struct/union (compilando archivo de origen ..\..\..\addons\ofxKinect\libs\libfreenect\src\tilt.c)
  c:\users\santi\documents\visual studio 2017\open frameworks\addons\ofxkinect\libs\libusb\include\libusb.h(765): note: Un constructor con valor predeterminado o un operador de asignación de copia o movimiento ignorará a este miembro. (compilando archivo de origen ..\..\..\addons\ofxKinect\libs\libfreenect\src\tilt.c)
c:\users\santi\documents\visual studio 2017\open frameworks\addons\ofxkinect\libs\libusb\include\libusb.h(1258): warning C4200: se ha utilizado una extensión no estándar: matriz de tamaño cero en struct/union (compilando archivo de origen ..\..\..\addons\ofxKinect\libs\libfreenect\src\tilt.c)
  c:\users\santi\documents\visual studio 2017\open frameworks\addons\ofxkinect\libs\libusb\include\libusb.h(1258): note: Un constructor con valor predeterminado o un operador de asignación de copia o movimiento ignorará a este miembro. (compilando archivo de origen ..\..\..\addons\ofxKinect\libs\libfreenect\src\tilt.c)
c:\users\santi\documents\visual studio 2017\open frameworks\addons\ofxkinect\libs\libfreenect\src\freenect_internal.h(204): warning C4200: se ha utilizado una extensión no estándar: matriz de tamaño cero en struct/union (compilando archivo de origen ..\..\..\addons\ofxKinect\libs\libfreenect\src\tilt.c)
  c:\users\santi\documents\visual studio 2017\open frameworks\addons\ofxkinect\libs\libfreenect\src\freenect_internal.h(204): note: Un constructor con valor predeterminado o un operador de asignación de copia o movimiento ignorará a este miembro. (compilando archivo de origen ..\..\..\addons\ofxKinect\libs\libfreenect\src\tilt.c)
c:\users\santi\documents\visual studio 2017\open frameworks\addons\ofxkinect\libs\libfreenect\src\tilt.c(230): warning C4244: 'argumento': conversión de 'double' a 'int'; posible pérdida de datos
  ofxCvContourFinder.cpp
c:\users\santi\documents\visual studio 2017\open frameworks\addons\ofxkinect\libs\libusb\include\libusb.h(740): warning C4200: se ha utilizado una extensión no estándar: matriz de tamaño cero en struct/union (compilando archivo de origen ..\..\..\addons\ofxKinect\libs\libfreenect\src\usb_libusb10.c)
  c:\users\santi\documents\visual studio 2017\open frameworks\addons\ofxkinect\libs\libusb\include\libusb.h(740): note: Un constructor con valor predeterminado o un operador de asignación de copia o movimiento ignorará a este miembro. (compilando archivo de origen ..\..\..\addons\ofxKinect\libs\libfreenect\src\usb_libusb10.c)
c:\users\santi\documents\visual studio 2017\open frameworks\addons\ofxkinect\libs\libusb\include\libusb.h(765): warning C4200: se ha utilizado una extensión no estándar: matriz de tamaño cero en struct/union (compilando archivo de origen ..\..\..\addons\ofxKinect\libs\libfreenect\src\usb_libusb10.c)
  c:\users\santi\documents\visual studio 2017\open frameworks\addons\ofxkinect\libs\libusb\include\libusb.h(765): note: Un constructor con valor predeterminado o un operador de asignación de copia o movimiento ignorará a este miembro. (compilando archivo de origen ..\..\..\addons\ofxKinect\libs\libfreenect\src\usb_libusb10.c)
c:\users\santi\documents\visual studio 2017\open frameworks\addons\ofxkinect\libs\libusb\include\libusb.h(1258): warning C4200: se ha utilizado una extensión no estándar: matriz de tamaño cero en struct/union (compilando archivo de origen ..\..\..\addons\ofxKinect\libs\libfreenect\src\usb_libusb10.c)
  c:\users\santi\documents\visual studio 2017\open frameworks\addons\ofxkinect\libs\libusb\include\libusb.h(1258): note: Un constructor con valor predeterminado o un operador de asignación de copia o movimiento ignorará a este miembro. (compilando archivo de origen ..\..\..\addons\ofxKinect\libs\libfreenect\src\usb_libusb10.c)
c:\users\santi\documents\visual studio 2017\open frameworks\addons\ofxkinect\libs\libfreenect\src\freenect_internal.h(204): warning C4200: se ha utilizado una extensión no estándar: matriz de tamaño cero en struct/union (compilando archivo de origen ..\..\..\addons\ofxKinect\libs\libfreenect\src\usb_libusb10.c)
  c:\users\santi\documents\visual studio 2017\open frameworks\addons\ofxkinect\libs\libfreenect\src\freenect_internal.h(204): note: Un constructor con valor predeterminado o un operador de asignación de copia o movimiento ignorará a este miembro. (compilando archivo de origen ..\..\..\addons\ofxKinect\libs\libfreenect\src\usb_libusb10.c)
c:\users\santi\documents\visual studio 2017\open frameworks\addons\ofxkinect\libs\libfreenect\src\usb_libusb10.c(244): warning C4996: 'strdup': The POSIX name for this item is deprecated. Instead, use the ISO C and C++ conformant name: _strdup. See online help for details.
  c:\program files (x86)\windows kits\10\include\10.0.17763.0\ucrt\string.h(536): note: vea la declaración de 'strdup'
c:\users\santi\documents\visual studio 2017\open frameworks\addons\ofxkinect\libs\libfreenect\src\usb_libusb10.c(569): warning C4996: 'strdup': The POSIX name for this item is deprecated. Instead, use the ISO C and C++ conformant name: _strdup. See online help for details.
  c:\program files (x86)\windows kits\10\include\10.0.17763.0\ucrt\string.h(536): note: vea la declaración de 'strdup'
  ofxCvFloatImage.cpp
  ofxCvGrayscaleImage.cpp
  ofxCvHaarFinder.cpp
  ofxCvImage.cpp
  ofxCvShortImage.cpp
  ofxVectorGraphics.cpp
  CreEPS.cpp
  ofxXmlSettings.cpp
  tinyxml.cpp
c:\users\santi\documents\visual studio 2017\open frameworks\addons\ofxvectorgraphics\libs\creeps.cpp(339): warning C4305: '=': truncamiento de 'double' a 'float'
c:\users\santi\documents\visual studio 2017\open frameworks\addons\ofxvectorgraphics\libs\creeps.cpp(348): warning C4996: 'sprintf': This function or variable may be unsafe. Consider using sprintf_s instead. To disable deprecation, use _CRT_SECURE_NO_WARNINGS. See online help for details.
  c:\program files (x86)\windows kits\10\include\10.0.17763.0\ucrt\stdio.h(1774): note: vea la declaración de 'sprintf'
c:\users\santi\documents\visual studio 2017\open frameworks\addons\ofxvectorgraphics\libs\creeps.cpp(352): warning C4996: 'sprintf': This function or variable may be unsafe. Consider using sprintf_s instead. To disable deprecation, use _CRT_SECURE_NO_WARNINGS. See online help for details.
  c:\program files (x86)\windows kits\10\include\10.0.17763.0\ucrt\stdio.h(1774): note: vea la declaración de 'sprintf'
c:\users\santi\documents\visual studio 2017\open frameworks\addons\ofxvectorgraphics\libs\creeps.cpp(359): warning C4996: 'sprintf': This function or variable may be unsafe. Consider using sprintf_s instead. To disable deprecation, use _CRT_SECURE_NO_WARNINGS. See online help for details.
  c:\program files (x86)\windows kits\10\include\10.0.17763.0\ucrt\stdio.h(1774): note: vea la declaración de 'sprintf'
c:\users\santi\documents\visual studio 2017\open frameworks\addons\ofxvectorgraphics\libs\creeps.cpp(366): warning C4996: 'sprintf': This function or variable may be unsafe. Consider using sprintf_s instead. To disable deprecation, use _CRT_SECURE_NO_WARNINGS. See online help for details.
  c:\program files (x86)\windows kits\10\include\10.0.17763.0\ucrt\stdio.h(1774): note: vea la declaración de 'sprintf'
c:\users\santi\documents\visual studio 2017\open frameworks\addons\ofxvectorgraphics\libs\creeps.cpp(633): warning C4244: 'inicializando': conversión de 'double' a 'float'; posible pérdida de datos
c:\users\santi\documents\visual studio 2017\open frameworks\addons\ofxvectorgraphics\libs\creeps.cpp(645): warning C4244: '=': conversión de 'double' a 'float'; posible pérdida de datos
c:\users\santi\documents\visual studio 2017\open frameworks\addons\ofxvectorgraphics\libs\creeps.cpp(646): warning C4244: '=': conversión de 'double' a 'float'; posible pérdida de datos
c:\users\santi\documents\visual studio 2017\open frameworks\addons\ofxvectorgraphics\libs\creeps.cpp(725): warning C4996: 'strncpy': This function or variable may be unsafe. Consider using strncpy_s instead. To disable deprecation, use _CRT_SECURE_NO_WARNINGS. See online help for details.
  c:\program files (x86)\windows kits\10\include\10.0.17763.0\ucrt\string.h(338): note: vea la declaración de 'strncpy'
c:\users\santi\documents\visual studio 2017\open frameworks\addons\ofxvectorgraphics\libs\creeps.cpp(923): warning C4244: '=': conversión de 'const ns_creeps::CreEPS_INT' a 'float'; posible pérdida de datos
c:\users\santi\documents\visual studio 2017\open frameworks\addons\ofxvectorgraphics\libs\creeps.cpp(929): warning C4305: '*=': truncamiento de 'double' a 'float'
c:\users\santi\documents\visual studio 2017\open frameworks\addons\ofxvectorgraphics\libs\creeps.cpp(937): warning C4305: 'inicializando': truncamiento de 'double' a 'float'
c:\users\santi\documents\visual studio 2017\open frameworks\addons\ofxvectorgraphics\libs\creeps.cpp(994): warning C4996: 'fopen': This function or variable may be unsafe. Consider using fopen_s instead. To disable deprecation, use _CRT_SECURE_NO_WARNINGS. See online help for details.
  c:\program files (x86)\windows kits\10\include\10.0.17763.0\ucrt\stdio.h(208): note: vea la declaración de 'fopen'
c:\users\santi\documents\visual studio 2017\open frameworks\addons\ofxvectorgraphics\libs\creeps.cpp(1004): warning C4996: 'strcpy': This function or variable may be unsafe. Consider using strcpy_s instead. To disable deprecation, use _CRT_SECURE_NO_WARNINGS. See online help for details.
  c:\program files (x86)\windows kits\10\include\10.0.17763.0\ucrt\string.h(133): note: vea la declaración de 'strcpy'
c:\users\santi\documents\visual studio 2017\open frameworks\addons\ofxvectorgraphics\libs\creeps.cpp(1009): warning C4996: 'fopen': This function or variable may be unsafe. Consider using fopen_s instead. To disable deprecation, use _CRT_SECURE_NO_WARNINGS. See online help for details.
  c:\program files (x86)\windows kits\10\include\10.0.17763.0\ucrt\stdio.h(208): note: vea la declaración de 'fopen'
c:\users\santi\documents\visual studio 2017\open frameworks\addons\ofxvectorgraphics\libs\creeps.cpp(1073): warning C4996: 'ctime': This function or variable may be unsafe. Consider using ctime_s instead. To disable deprecation, use _CRT_SECURE_NO_WARNINGS. See online help for details.
  c:\program files (x86)\windows kits\10\include\10.0.17763.0\ucrt\time.h(476): note: vea la declaración de 'ctime'
c:\users\santi\documents\visual studio 2017\open frameworks\addons\ofxvectorgraphics\libs\creeps.cpp(1249): warning C4305: 'argumento': truncamiento de 'double' a 'const ns_creeps::CreEPS_FLOAT'
c:\users\santi\documents\visual studio 2017\open frameworks\addons\ofxvectorgraphics\libs\creeps.cpp(1238): warning C4996: 'fopen': This function or variable may be unsafe. Consider using fopen_s instead. To disable deprecation, use _CRT_SECURE_NO_WARNINGS. See online help for details.
  c:\program files (x86)\windows kits\10\include\10.0.17763.0\ucrt\stdio.h(208): note: vea la declaración de 'fopen'
c:\users\santi\documents\visual studio 2017\open frameworks\addons\ofxvectorgraphics\libs\creeps.cpp(2008): warning C4996: 'vsprintf': This function or variable may be unsafe. Consider using vsprintf_s instead. To disable deprecation, use _CRT_SECURE_NO_WARNINGS. See online help for details.
  c:\program files (x86)\windows kits\10\include\10.0.17763.0\ucrt\stdio.h(1469): note: vea la declaración de 'vsprintf'
c:\users\santi\documents\visual studio 2017\open frameworks\addons\ofxvectorgraphics\libs\creeps.cpp(2026): warning C4996: 'vsprintf': This function or variable may be unsafe. Consider using vsprintf_s instead. To disable deprecation, use _CRT_SECURE_NO_WARNINGS. See online help for details.
  c:\program files (x86)\windows kits\10\include\10.0.17763.0\ucrt\stdio.h(1469): note: vea la declaración de 'vsprintf'
c:\users\santi\documents\visual studio 2017\open frameworks\addons\ofxvectorgraphics\libs\creeps.cpp(2042): warning C4996: 'vsprintf': This function or variable may be unsafe. Consider using vsprintf_s instead. To disable deprecation, use _CRT_SECURE_NO_WARNINGS. See online help for details.
  c:\program files (x86)\windows kits\10\include\10.0.17763.0\ucrt\stdio.h(1469): note: vea la declaración de 'vsprintf'
c:\users\santi\documents\visual studio 2017\open frameworks\addons\ofxvectorgraphics\libs\creeps.cpp(2059): warning C4996: 'vsprintf': This function or variable may be unsafe. Consider using vsprintf_s instead. To disable deprecation, use _CRT_SECURE_NO_WARNINGS. See online help for details.
  c:\program files (x86)\windows kits\10\include\10.0.17763.0\ucrt\stdio.h(1469): note: vea la declaración de 'vsprintf'
  tinyxmlerror.cpp
  tinyxmlparser.cpp
  CustomBox.cpp
c:\users\santi\documents\visual studio 2017\open frameworks\addons\ofxxmlsettings\src\ofxxmlsettings.cpp(575): warning C4996: 'sprintf': This function or variable may be unsafe. Consider using sprintf_s instead. To disable deprecation, use _CRT_SECURE_NO_WARNINGS. See online help for details.
  c:\program files (x86)\windows kits\10\include\10.0.17763.0\ucrt\stdio.h(1774): note: vea la declaración de 'sprintf'
c:\users\santi\documents\visual studio 2017\open frameworks\addons\ofxxmlsettings\src\ofxxmlsettings.cpp(583): warning C4996: 'sprintf': This function or variable may be unsafe. Consider using sprintf_s instead. To disable deprecation, use _CRT_SECURE_NO_WARNINGS. See online help for details.
  c:\program files (x86)\windows kits\10\include\10.0.17763.0\ucrt\stdio.h(1774): note: vea la declaración de 'sprintf'
  libusb-1.0.lib(core.obj) : se encontró .netmodule MSIL o un módulo compilado con /GL; reiniciando la vinculación con /LTCG; agregue /LTCG a la línea de comandos de vínculo para mejorar el rendimiento del vinculador
LINK : warning LNK4075: se omite '/INCREMENTAL' debido a la especificaci¾n '/LTCG'
     Creando biblioteca bin\UnityFinal_debug.lib y objeto bin\UnityFinal_debug.exp
  Generando c¾digo
  Generaci¾n de c¾digo finalizada
  UnityFinal.vcxproj -> C:\Users\santi\Documents\Visual Studio 2017\Open Frameworks\apps\myApps\UnityFinal\bin\UnityFinal_debug.exe
